2026/04/06 04:49:29 [warn] 1#1: the "listen ... http2" directive is deprecated, use the "http2" directive instead in /etc/nginx/conf.d/default.conf:23
2026/04/06 04:49:29 [notice] 1#1: using the "epoll" event method
2026/04/06 04:49:29 [notice] 1#1: nginx/1.27.5
2026/04/06 04:49:29 [notice] 1#1: built by gcc 14.2.0 (Alpine 14.2.0) 
2026/04/06 04:49:29 [notice] 1#1: OS: Linux 6.12.76-linuxkit
2026/04/06 04:49:29 [notice] 1#1: getrlimit(RLIMIT_NOFILE): 1048576:1048576
2026/04/06 04:49:29 [notice] 1#1: start worker processes
2026/04/06 04:49:29 [notice] 1#1: start worker process 21
2026/04/06 04:49:29 [notice] 1#1: start worker process 22
2026/04/06 04:49:29 [notice] 1#1: start worker process 23
2026/04/06 04:49:29 [notice] 1#1: start worker process 24
2026/04/06 04:49:29 [notice] 1#1: start worker process 25
2026/04/06 04:49:29 [notice] 1#1: start worker process 26
2026/04/06 04:49:29 [notice] 1#1: start worker process 27
2026/04/06 04:49:29 [notice] 1#1: start worker process 28
2026/04/06 04:49:29 [notice] 1#1: start worker process 29
2026/04/06 04:49:29 [notice] 1#1: start worker process 30
2026/04/20 01:56:11 [warn] 1#1: the "listen ... http2" directive is deprecated, use the "http2" directive instead in /etc/nginx/conf.d/default.conf:23
2026/04/20 01:56:11 [notice] 1#1: using the "epoll" event method
2026/04/20 01:56:11 [notice] 1#1: nginx/1.27.5
2026/04/20 01:56:11 [notice] 1#1: built by gcc 14.2.0 (Alpine 14.2.0) 
2026/04/20 01:56:11 [notice] 1#1: OS: Linux 6.12.76-linuxkit
2026/04/20 01:56:11 [notice] 1#1: getrlimit(RLIMIT_NOFILE): 1048576:1048576
2026/04/20 01:56:11 [notice] 1#1: start worker processes
2026/04/20 01:56:11 [notice] 1#1: start worker process 21
2026/04/20 01:56:11 [notice] 1#1: start worker process 22
2026/04/20 01:56:11 [notice] 1#1: start worker process 23
2026/04/20 01:56:11 [notice] 1#1: start worker process 24
2026/04/20 01:56:11 [notice] 1#1: start worker process 25
2026/04/20 01:56:11 [notice] 1#1: start worker process 26
2026/04/20 01:56:11 [notice] 1#1: start worker process 27
2026/04/20 01:56:11 [notice] 1#1: start worker process 28
2026/04/20 01:56:11 [notice] 1#1: start worker process 29
2026/04/20 01:56:11 [notice] 1#1: start worker process 30
2026/04/20 03:09:04 [notice] 1#1: signal 3 (SIGQUIT) received, shutting down
2026/04/20 03:09:04 [notice] 24#24: gracefully shutting down
2026/04/20 03:09:04 [notice] 23#23: gracefully shutting down
2026/04/20 03:09:04 [notice] 21#21: gracefully shutting down
2026/04/20 03:09:04 [notice] 28#28: gracefully shutting down
2026/04/20 03:09:04 [notice] 25#25: gracefully shutting down
2026/04/20 03:09:04 [notice] 22#22: gracefully shutting down
2026/04/20 03:09:04 [notice] 24#24: exiting
2026/04/20 03:09:04 [notice] 27#27: gracefully shutting down
2026/04/20 03:09:04 [notice] 29#29: gracefully shutting down
2026/04/20 03:09:04 [notice] 30#30: gracefully shutting down
2026/04/20 03:09:04 [notice] 26#26: gracefully shutting down
2026/04/20 03:09:04 [notice] 30#30: exiting
2026/04/20 03:09:04 [notice] 26#26: exiting
2026/04/20 03:09:04 [notice] 23#23: exiting
2026/04/20 03:09:04 [notice] 21#21: exiting
2026/04/20 03:09:04 [notice] 26#26: exit
2026/04/20 03:09:04 [notice] 28#28: exiting
2026/04/20 03:09:04 [notice] 25#25: exiting
2026/04/20 03:09:04 [notice] 23#23: exit
2026/04/20 03:09:04 [notice] 22#22: exiting
2026/04/20 03:09:04 [notice] 21#21: exit
2026/04/20 03:09:04 [notice] 27#27: exiting
2026/04/20 03:09:04 [notice] 29#29: exiting
2026/04/20 03:09:04 [notice] 24#24: exit
2026/04/20 03:09:04 [notice] 30#30: exit
2026/04/20 03:09:04 [notice] 28#28: exit
2026/04/20 03:09:04 [notice] 25#25: exit
2026/04/20 03:09:04 [notice] 22#22: exit
2026/04/20 03:09:04 [notice] 27#27: exit
2026/04/20 03:09:04 [notice] 29#29: exit
2026/04/20 03:09:04 [notice] 1#1: signal 17 (SIGCHLD) received from 30
2026/04/20 03:09:04 [notice] 1#1: worker process 21 exited with code 0
2026/04/20 03:09:04 [notice] 1#1: worker process 23 exited with code 0
2026/04/20 03:09:04 [notice] 1#1: worker process 30 exited with code 0
2026/04/20 03:09:04 [notice] 1#1: signal 29 (SIGIO) received
2026/04/20 03:09:04 [notice] 1#1: signal 17 (SIGCHLD) received from 29
2026/04/20 03:09:04 [notice] 1#1: worker process 22 exited with code 0
2026/04/20 03:09:04 [notice] 1#1: worker process 27 exited with code 0
2026/04/20 03:09:04 [notice] 1#1: worker process 29 exited with code 0
2026/04/20 03:09:04 [notice] 1#1: signal 29 (SIGIO) received
2026/04/20 03:09:04 [notice] 1#1: signal 17 (SIGCHLD) received from 27
2026/04/20 03:09:04 [notice] 1#1: signal 17 (SIGCHLD) received from 28
2026/04/20 03:09:04 [notice] 1#1: worker process 25 exited with code 0
2026/04/20 03:09:04 [notice] 1#1: worker process 24 exited with code 0
2026/04/20 03:09:04 [notice] 1#1: worker process 26 exited with code 0
2026/04/20 03:09:04 [notice] 1#1: worker process 28 exited with code 0
2026/04/20 03:09:04 [notice] 1#1: exit
2026/05/08 01:45:25 [warn] 1#1: the "listen ... http2" directive is deprecated, use the "http2" directive instead in /etc/nginx/conf.d/default.conf:23
2026/05/08 01:45:25 [notice] 1#1: using the "epoll" event method
2026/05/08 01:45:25 [notice] 1#1: nginx/1.27.5
2026/05/08 01:45:25 [notice] 1#1: built by gcc 14.2.0 (Alpine 14.2.0) 
2026/05/08 01:45:25 [notice] 1#1: OS: Linux 6.12.76-linuxkit
2026/05/08 01:45:25 [notice] 1#1: getrlimit(RLIMIT_NOFILE): 1048576:1048576
2026/05/08 01:45:25 [notice] 1#1: start worker processes
2026/05/08 01:45:25 [notice] 1#1: start worker process 21
2026/05/08 01:45:25 [notice] 1#1: start worker process 22
2026/05/08 01:45:25 [notice] 1#1: start worker process 23
2026/05/08 01:45:25 [notice] 1#1: start worker process 24
2026/05/08 01:45:25 [notice] 1#1: start worker process 25
2026/05/08 01:45:25 [notice] 1#1: start worker process 26
2026/05/08 01:45:25 [notice] 1#1: start worker process 27
2026/05/08 01:45:25 [notice] 1#1: start worker process 28
2026/05/08 01:45:25 [notice] 1#1: start worker process 29
2026/05/08 01:45:25 [notice] 1#1: start worker process 30
2026/05/12 04:52:27 [warn] 1#1: the "listen ... http2" directive is deprecated, use the "http2" directive instead in /etc/nginx/conf.d/default.conf:23
2026/05/12 04:52:27 [notice] 1#1: using the "epoll" event method
2026/05/12 04:52:27 [notice] 1#1: nginx/1.27.5
2026/05/12 04:52:27 [notice] 1#1: built by gcc 14.2.0 (Alpine 14.2.0) 
2026/05/12 04:52:27 [notice] 1#1: OS: Linux 6.12.76-linuxkit
2026/05/12 04:52:27 [notice] 1#1: getrlimit(RLIMIT_NOFILE): 1048576:1048576
2026/05/12 04:52:27 [notice] 1#1: start worker processes
2026/05/12 04:52:27 [notice] 1#1: start worker process 21
2026/05/12 04:52:27 [notice] 1#1: start worker process 22
2026/05/12 04:52:27 [notice] 1#1: start worker process 23
2026/05/12 04:52:27 [notice] 1#1: start worker process 24
2026/05/12 04:52:27 [notice] 1#1: start worker process 25
2026/05/12 04:52:27 [notice] 1#1: start worker process 26
2026/05/12 04:52:27 [notice] 1#1: start worker process 27
2026/05/12 04:52:27 [notice] 1#1: start worker process 28
2026/05/12 04:52:27 [notice] 1#1: start worker process 29
2026/05/12 04:52:27 [notice] 1#1: start worker process 30
2026/05/19 06:40:19 [warn] 1#1: the "listen ... http2" directive is deprecated, use the "http2" directive instead in /etc/nginx/conf.d/default.conf:23
2026/05/19 06:40:19 [notice] 1#1: using the "epoll" event method
2026/05/19 06:40:19 [notice] 1#1: nginx/1.27.5
2026/05/19 06:40:19 [notice] 1#1: built by gcc 14.2.0 (Alpine 14.2.0) 
2026/05/19 06:40:19 [notice] 1#1: OS: Linux 6.12.76-linuxkit
2026/05/19 06:40:19 [notice] 1#1: getrlimit(RLIMIT_NOFILE): 1048576:1048576
2026/05/19 06:40:19 [notice] 1#1: start worker processes
2026/05/19 06:40:19 [notice] 1#1: start worker process 20
2026/05/19 06:40:19 [notice] 1#1: start worker process 21
2026/05/19 06:40:19 [notice] 1#1: start worker process 22
2026/05/19 06:40:19 [notice] 1#1: start worker process 23
2026/05/19 06:40:19 [notice] 1#1: start worker process 24
2026/05/19 06:40:19 [notice] 1#1: start worker process 25
2026/05/19 06:40:19 [notice] 1#1: start worker process 26
2026/05/19 06:40:19 [notice] 1#1: start worker process 27
2026/05/19 06:40:19 [notice] 1#1: start worker process 28
2026/05/19 06:40:19 [notice] 1#1: start worker process 29
