\BOOKMARK [0][-]{chapter.1}{\376\377\151\202\217\360\116\016\155\113\213\325\173\126\165\145}{}% 1
\BOOKMARK [1][-]{section.1.1}{\376\377\145\207\150\143\166\356\166\204}{chapter.1}% 2
\BOOKMARK [1][-]{section.1.2}{\376\377\230\171\166\356\151\202\217\360}{chapter.1}% 3
\BOOKMARK [1][-]{section.1.3}{\376\377\155\113\213\325\173\126\165\145}{chapter.1}% 4
\BOOKMARK [2][-]{subsection.1.3.1}{\376\377\155\113\213\325\122\006\134\102\173\126\165\145}{section.1.3}% 5
\BOOKMARK [2][-]{subsection.1.3.2}{\376\377\155\113\213\325\211\206\166\326\163\207\211\201\154\102}{section.1.3}% 6
\BOOKMARK [2][-]{subsection.1.3.3}{\376\377\155\113\213\325\203\003\126\364}{section.1.3}% 7
\BOOKMARK [3][-]{subsubsection.1.3.3.1}{\376\377\122\115\172\357\155\113\213\325\203\003\126\364}{subsection.1.3.3}% 8
\BOOKMARK [3][-]{subsubsection.1.3.3.2}{\376\377\124\016\172\357\155\113\213\325\203\003\126\364}{subsection.1.3.3}% 9
\BOOKMARK [3][-]{subsubsection.1.3.3.3}{\376\377\122\237\200\375\152\041\127\127\155\113\213\325\203\003\126\364}{subsection.1.3.3}% 10
\BOOKMARK [1][-]{section.1.4}{\376\377\155\113\213\325\163\257\130\203}{chapter.1}% 11
\BOOKMARK [2][-]{subsection.1.4.1}{\376\377\137\000\123\321\163\257\130\203}{section.1.4}% 12
\BOOKMARK [2][-]{subsection.1.4.2}{\376\377\155\113\213\325\135\345\121\167}{section.1.4}% 13
\BOOKMARK [0][-]{chapter.2}{\376\377\122\115\172\357\155\113\213\325\211\304\203\003}{}% 14
\BOOKMARK [1][-]{section.2.1}{\376\377\155\113\213\325\150\106\147\266}{chapter.2}% 15
\BOOKMARK [2][-]{subsection.2.1.1}{\376\377\000V\000i\000t\000e\000s\000t\000\040\150\106\147\266}{section.2.1}% 16
\BOOKMARK [3][-]{subsubsection.2.1.1.1}{\376\377\221\115\177\156\145\207\116\366}{subsection.2.1.1}% 17
\BOOKMARK [3][-]{subsubsection.2.1.1.2}{\376\377\155\113\213\325\201\032\147\054}{subsection.2.1.1}% 18
\BOOKMARK [2][-]{subsection.2.1.2}{\376\377\000P\000l\000a\000y\000w\000r\000i\000g\000h\000t\000\040\150\106\147\266}{section.2.1}% 19
\BOOKMARK [3][-]{subsubsection.2.1.2.1}{\376\377\221\115\177\156\145\207\116\366}{subsection.2.1.2}% 20
\BOOKMARK [1][-]{section.2.2}{\376\377\155\113\213\325\145\207\116\366\176\323\147\204}{chapter.2}% 21
\BOOKMARK [2][-]{subsection.2.2.1}{\376\377\155\113\213\325\145\207\116\366\122\006\174\173}{section.2.2}% 22
\BOOKMARK [3][-]{subsubsection.2.2.1.1}{\376\377\000A\000P\000I\166\370\121\163\155\113\213\325\377\010\0008\116\052\145\207\116\366\377\011}{subsection.2.2.1}% 23
\BOOKMARK [3][-]{subsubsection.2.2.1.2}{\376\377\122\237\200\375\152\041\127\127\155\113\213\325\377\010\0001\0002\116\052\145\207\116\366\377\011}{subsection.2.2.1}% 24
\BOOKMARK [3][-]{subsubsection.2.2.1.3}{\376\377\140\047\200\375\124\214\133\211\121\150\155\113\213\325\377\010\0005\116\052\145\207\116\366\377\011}{subsection.2.2.1}% 25
\BOOKMARK [3][-]{subsubsection.2.2.1.4}{\376\377\147\015\122\241\134\102\155\113\213\325\377\010\0003\116\052\145\207\116\366\377\011}{subsection.2.2.1}% 26
\BOOKMARK [3][-]{subsubsection.2.2.1.5}{\376\377\000U\000I\124\214\116\244\116\222\155\113\213\325\377\010\0004\116\052\145\207\116\366\377\011}{subsection.2.2.1}% 27
\BOOKMARK [3][-]{subsubsection.2.2.1.6}{\376\377\000E\0002\000E\155\113\213\325\377\010\0001\116\052\145\207\116\366\377\011}{subsection.2.2.1}% 28
\BOOKMARK [1][-]{section.2.3}{\376\377\150\070\137\303\155\113\213\325\165\050\117\213}{chapter.2}% 29
\BOOKMARK [2][-]{subsection.2.3.1}{\376\377\000A\000P\000I\147\015\122\241\155\113\213\325}{section.2.3}% 30
\BOOKMARK [3][-]{subsubsection.2.3.1.1}{\376\377\177\023\133\130\147\072\122\066\155\113\213\325}{subsection.2.3.1}% 31
\BOOKMARK [3][-]{subsubsection.2.3.1.2}{\376\377\225\031\213\357\131\004\164\006\155\113\213\325}{subsection.2.3.1}% 32
\BOOKMARK [2][-]{subsection.2.3.2}{\376\377\000W\000e\000b\000S\000o\000c\000k\000e\000t\147\015\122\241\155\113\213\325}{section.2.3}% 33
\BOOKMARK [2][-]{subsection.2.3.3}{\376\377\140\047\200\375\166\321\143\247\155\113\213\325}{section.2.3}% 34
\BOOKMARK [2][-]{subsection.2.3.4}{\376\377\133\211\121\150\155\113\213\325}{section.2.3}% 35
\BOOKMARK [2][-]{subsection.2.3.5}{\376\377\000E\0002\000E\155\113\213\325}{section.2.3}% 36
\BOOKMARK [1][-]{section.2.4}{\376\377\155\113\213\325\142\147\210\114}{chapter.2}% 37
\BOOKMARK [2][-]{subsection.2.4.1}{\376\377\217\320\210\114\123\125\121\103\155\113\213\325}{section.2.4}% 38
\BOOKMARK [2][-]{subsection.2.4.2}{\376\377\217\320\210\114\000E\0002\000E\155\113\213\325}{section.2.4}% 39
\BOOKMARK [0][-]{chapter.3}{\376\377\124\016\172\357\155\113\213\325\211\304\203\003}{}% 40
\BOOKMARK [1][-]{section.3.1}{\376\377\155\113\213\325\150\106\147\266}{chapter.3}% 41
\BOOKMARK [2][-]{subsection.3.1.1}{\376\377\000p\000y\000t\000e\000s\000t\000\040\150\106\147\266}{section.3.1}% 42
\BOOKMARK [3][-]{subsubsection.3.1.1.1}{\376\377\221\115\177\156\145\207\116\366}{subsection.3.1.1}% 43
\BOOKMARK [3][-]{subsubsection.3.1.1.2}{\376\377\155\113\213\325\117\235\215\126}{subsection.3.1.1}% 44
\BOOKMARK [1][-]{section.3.2}{\376\377\155\113\213\325\145\207\116\366\176\323\147\204}{chapter.3}% 45
\BOOKMARK [2][-]{subsection.3.2.1}{\376\377\155\113\213\325\145\207\116\366\122\006\174\173}{section.3.2}% 46
\BOOKMARK [3][-]{subsubsection.3.2.1.1}{\376\377\150\070\137\303\152\041\127\127\155\113\213\325\377\010\0001\0002\116\052\145\207\116\366\377\011}{subsection.3.2.1}% 47
\BOOKMARK [3][-]{subsubsection.3.2.1.2}{\376\377\133\236\145\366\143\322\120\074\174\373\176\337\155\113\213\325\377\010\0005\116\052\145\207\116\366\377\011}{subsection.3.2.1}% 48
\BOOKMARK [3][-]{subsubsection.3.2.1.3}{\376\377\131\032\166\356\150\007\117\030\123\026\174\373\176\337\155\113\213\325\377\010\0001\116\052\145\207\116\366\377\011}{subsection.3.2.1}% 49
\BOOKMARK [3][-]{subsubsection.3.2.1.4}{\376\377\000A\000P\000I\226\306\142\020\155\113\213\325\377\010\0002\116\052\145\207\116\366\377\011}{subsection.3.2.1}% 50
\BOOKMARK [1][-]{section.3.3}{\376\377\150\070\137\303\155\113\213\325\165\050\117\213}{chapter.3}% 51
\BOOKMARK [2][-]{subsection.3.3.1}{\376\377\152\041\127\213\207\215\124\010\155\113\213\325}{section.3.3}% 52
\BOOKMARK [2][-]{subsection.3.3.2}{\376\377\000W\000e\000b\000S\000o\000c\000k\000e\000t\155\113\213\325}{section.3.3}% 53
\BOOKMARK [2][-]{subsection.3.3.3}{\376\377\000A\000P\000I\155\113\213\325}{section.3.3}% 54
\BOOKMARK [2][-]{subsection.3.3.4}{\376\377\140\047\200\375\155\113\213\325}{section.3.3}% 55
\BOOKMARK [1][-]{section.3.4}{\376\377\155\113\213\325\142\147\210\114}{chapter.3}% 56
\BOOKMARK [2][-]{subsection.3.4.1}{\376\377\217\320\210\114\123\125\121\103\155\113\213\325}{section.3.4}% 57
\BOOKMARK [2][-]{subsection.3.4.2}{\376\377\217\320\210\114\137\002\153\145\155\113\213\325}{section.3.4}% 58
\BOOKMARK [0][-]{chapter.4}{\376\377\220\032\213\257\116\016\226\306\142\020\155\113\213\325}{}% 59
\BOOKMARK [1][-]{section.4.1}{\376\377\220\032\213\257\147\266\147\204}{chapter.4}% 60
\BOOKMARK [2][-]{subsection.4.1.1}{\376\377\220\032\213\257\147\266\147\204\126\376}{section.4.1}% 61
\BOOKMARK [1][-]{section.4.2}{\376\377\000W\000e\000b\000S\000o\000c\000k\000e\000t\220\032\213\257\155\113\213\325}{chapter.4}% 62
\BOOKMARK [2][-]{subsection.4.2.1}{\376\377\217\336\143\245\173\241\164\006\155\113\213\325}{section.4.2}% 63
\BOOKMARK [2][-]{subsection.4.2.2}{\376\377\155\210\140\157\131\004\164\006\155\113\213\325}{section.4.2}% 64
\BOOKMARK [2][-]{subsection.4.2.3}{\376\377\116\373\122\241\213\242\226\005\155\113\213\325}{section.4.2}% 65
\BOOKMARK [1][-]{section.4.3}{\376\377\000H\000T\000T\000P\000/\000R\000E\000S\000T\000\040\000A\000P\000I\220\032\213\257\155\113\213\325}{chapter.4}% 66
\BOOKMARK [2][-]{subsection.4.3.1}{\376\377\213\367\154\102\131\004\164\006\155\113\213\325}{section.4.3}% 67
\BOOKMARK [2][-]{subsection.4.3.2}{\376\377\124\315\136\224\131\004\164\006\155\113\213\325}{section.4.3}% 68
\BOOKMARK [1][-]{section.4.4}{\376\377\226\306\142\020\155\113\213\325}{chapter.4}% 69
\BOOKMARK [2][-]{subsection.4.4.1}{\376\377\122\115\124\016\172\357\226\306\142\020\155\113\213\325}{section.4.4}% 70
\BOOKMARK [2][-]{subsection.4.4.2}{\376\377\000W\000e\000b\000S\000o\000c\000k\000e\000t\116\016\000H\000T\000T\000P\226\306\142\020\155\113\213\325}{section.4.4}% 71
\BOOKMARK [0][-]{chapter.5}{\376\377\122\237\200\375\152\041\127\127\155\113\213\325}{}% 72
\BOOKMARK [1][-]{section.5.1}{\376\377\133\236\145\366\143\322\120\074\174\373\176\337}{chapter.5}% 73
\BOOKMARK [2][-]{subsection.5.1.1}{\376\377\122\237\200\375\151\202\217\360}{section.5.1}% 74
\BOOKMARK [2][-]{subsection.5.1.2}{\376\377\217\223\121\145\217\223\121\372\150\074\137\017}{section.5.1}% 75
\BOOKMARK [3][-]{subsubsection.5.1.2.1}{\376\377\122\033\136\372\213\242\226\005\213\367\154\102}{subsection.5.1.2}% 76
\BOOKMARK [3][-]{subsubsection.5.1.2.2}{\376\377\155\373\122\240\145\160\143\156\160\271\213\367\154\102}{subsection.5.1.2}% 77
\BOOKMARK [3][-]{subsubsection.5.1.2.3}{\376\377\147\345\213\342\230\204\155\113\124\315\136\224}{subsection.5.1.2}% 78
\BOOKMARK [2][-]{subsection.5.1.3}{\376\377\155\113\213\325\165\050\117\213}{section.5.1}% 79
\BOOKMARK [3][-]{subsubsection.5.1.3.1}{\376\377\213\242\226\005\173\241\164\006\155\113\213\325}{subsection.5.1.3}% 80
\BOOKMARK [3][-]{subsubsection.5.1.3.2}{\376\377\130\236\221\317\146\364\145\260\155\113\213\325}{subsection.5.1.3}% 81
\BOOKMARK [3][-]{subsubsection.5.1.3.3}{\376\377\140\047\200\375\155\113\213\325}{subsection.5.1.3}% 82
\BOOKMARK [1][-]{section.5.2}{\376\377\131\032\166\356\150\007\117\030\123\026\174\373\176\337}{chapter.5}% 83
\BOOKMARK [2][-]{subsection.5.2.1}{\376\377\122\237\200\375\151\202\217\360}{section.5.2}% 84
\BOOKMARK [2][-]{subsection.5.2.2}{\376\377\217\223\121\145\217\223\121\372\150\074\137\017}{section.5.2}% 85
\BOOKMARK [3][-]{subsubsection.5.2.2.1}{\376\377\117\030\123\026\213\367\154\102}{subsection.5.2.2}% 86
\BOOKMARK [3][-]{subsubsection.5.2.2.2}{\376\377\117\030\123\026\176\323\147\234}{subsection.5.2.2}% 87
\BOOKMARK [2][-]{subsection.5.2.3}{\376\377\155\113\213\325\165\050\117\213}{section.5.2}% 88
\BOOKMARK [3][-]{subsubsection.5.2.3.1}{\376\377\117\030\123\026\173\227\154\325\155\113\213\325}{subsection.5.2.3}% 89
\BOOKMARK [3][-]{subsubsection.5.2.3.2}{\376\377\176\246\147\137\147\141\116\366\155\113\213\325}{subsection.5.2.3}% 90
\BOOKMARK [1][-]{section.5.3}{\376\377\152\041\127\213\207\215\124\010\174\373\176\337}{chapter.5}% 91
\BOOKMARK [2][-]{subsection.5.3.1}{\376\377\122\237\200\375\151\202\217\360}{section.5.3}% 92
\BOOKMARK [2][-]{subsection.5.3.2}{\376\377\217\223\121\145\217\223\121\372\150\074\137\017}{section.5.3}% 93
\BOOKMARK [3][-]{subsubsection.5.3.2.1}{\376\377\122\033\136\372\207\215\124\010\116\373\122\241\213\367\154\102}{subsection.5.3.2}% 94
\BOOKMARK [3][-]{subsubsection.5.3.2.2}{\376\377\207\215\124\010\176\323\147\234}{subsection.5.3.2}% 95
\BOOKMARK [2][-]{subsection.5.3.3}{\376\377\155\113\213\325\165\050\117\213}{section.5.3}% 96
\BOOKMARK [3][-]{subsubsection.5.3.3.1}{\376\377\147\103\221\315\213\241\173\227\155\113\213\325}{subsection.5.3.3}% 97
\BOOKMARK [3][-]{subsubsection.5.3.3.2}{\376\377\207\215\124\010\173\126\165\145\155\113\213\325}{subsection.5.3.3}% 98
\BOOKMARK [1][-]{section.5.4}{\376\377\215\357\137\204\211\304\122\022\174\373\176\337}{chapter.5}% 99
\BOOKMARK [2][-]{subsection.5.4.1}{\376\377\122\237\200\375\151\202\217\360}{section.5.4}% 100
\BOOKMARK [2][-]{subsection.5.4.2}{\376\377\217\223\121\145\217\223\121\372\150\074\137\017}{section.5.4}% 101
\BOOKMARK [3][-]{subsubsection.5.4.2.1}{\376\377\215\357\137\204\211\304\122\022\213\367\154\102}{subsection.5.4.2}% 102
\BOOKMARK [3][-]{subsubsection.5.4.2.2}{\376\377\215\357\137\204\211\304\122\022\176\323\147\234}{subsection.5.4.2}% 103
\BOOKMARK [2][-]{subsection.5.4.3}{\376\377\155\113\213\325\165\050\117\213}{section.5.4}% 104
\BOOKMARK [3][-]{subsubsection.5.4.3.1}{\376\377\215\357\137\204\213\241\173\227\155\113\213\325}{subsection.5.4.3}% 105
\BOOKMARK [3][-]{subsubsection.5.4.3.2}{\376\377\176\246\147\137\232\214\213\301\155\113\213\325}{subsection.5.4.3}% 106
\BOOKMARK [1][-]{section.5.5}{\376\377\121\166\116\326\122\237\200\375\152\041\127\127}{chapter.5}% 107
\BOOKMARK [2][-]{subsection.5.5.1}{\376\377\221\307\150\067\136\372\213\256\174\373\176\337}{section.5.5}% 108
\BOOKMARK [3][-]{subsubsection.5.5.1.1}{\376\377\122\237\200\375\151\202\217\360}{subsection.5.5.1}% 109
\BOOKMARK [3][-]{subsubsection.5.5.1.2}{\376\377\155\113\213\325\165\050\117\213}{subsection.5.5.1}% 110
\BOOKMARK [2][-]{subsection.5.5.2}{\376\377\116\015\170\156\133\232\140\047\122\006\176\247\174\373\176\337}{section.5.5}% 111
\BOOKMARK [3][-]{subsubsection.5.5.2.1}{\376\377\122\237\200\375\151\202\217\360}{subsection.5.5.2}% 112
\BOOKMARK [3][-]{subsubsection.5.5.2.2}{\376\377\155\113\213\325\165\050\117\213}{subsection.5.5.2}% 113
\BOOKMARK [0][-]{chapter.6}{\376\377\000A\000P\000I\143\245\123\343\155\113\213\325}{}% 114
\BOOKMARK [1][-]{section.6.1}{\376\377\000A\000P\000I\143\245\123\343\140\073\211\310}{chapter.6}% 115
\BOOKMARK [2][-]{subsection.6.1.1}{\376\377\143\245\123\343\122\006\174\173\176\337\213\241}{section.6.1}% 116
\BOOKMARK [1][-]{section.6.2}{\376\377\150\070\137\303\143\322\120\074\143\245\123\343}{chapter.6}% 117
\BOOKMARK [2][-]{subsection.6.2.1}{\376\377\143\245\123\343\122\027\210\150}{section.6.2}% 118
\BOOKMARK [2][-]{subsection.6.2.2}{\376\377\143\245\123\343\155\113\213\325\165\050\117\213}{section.6.2}% 119
\BOOKMARK [3][-]{subsubsection.6.2.2.1}{\376\377\124\057\122\250\121\113\221\314\221\321\116\373\122\241}{subsection.6.2.2}% 120
\BOOKMARK [3][-]{subsubsection.6.2.2.2}{\376\377\147\345\213\342\116\373\122\241\162\266\140\001}{subsection.6.2.2}% 121
\BOOKMARK [1][-]{section.6.3}{\376\377\133\236\145\366\143\322\120\074\174\373\176\337\143\245\123\343}{chapter.6}% 122
\BOOKMARK [2][-]{subsection.6.3.1}{\376\377\143\245\123\343\122\027\210\150}{section.6.3}% 123
\BOOKMARK [2][-]{subsection.6.3.2}{\376\377\143\245\123\343\155\113\213\325\165\050\117\213}{section.6.3}% 124
\BOOKMARK [3][-]{subsubsection.6.3.2.1}{\376\377\122\033\136\372\213\242\226\005}{subsection.6.3.2}% 125
\BOOKMARK [1][-]{section.6.4}{\376\377\131\032\166\356\150\007\117\030\123\026\174\373\176\337\143\245\123\343}{chapter.6}% 126
\BOOKMARK [2][-]{subsection.6.4.1}{\376\377\143\245\123\343\122\027\210\150}{section.6.4}% 127
\BOOKMARK [2][-]{subsection.6.4.2}{\376\377\143\245\123\343\155\113\213\325\165\050\117\213}{section.6.4}% 128
\BOOKMARK [3][-]{subsubsection.6.4.2.1}{\376\377\122\033\136\372\117\030\123\026\116\373\122\241}{subsection.6.4.2}% 129
\BOOKMARK [1][-]{section.6.5}{\376\377\152\041\127\213\207\215\124\010\143\245\123\343}{chapter.6}% 130
\BOOKMARK [2][-]{subsection.6.5.1}{\376\377\143\245\123\343\122\027\210\150}{section.6.5}% 131
\BOOKMARK [2][-]{subsection.6.5.2}{\376\377\143\245\123\343\155\113\213\325\165\050\117\213}{section.6.5}% 132
\BOOKMARK [3][-]{subsubsection.6.5.2.1}{\376\377\122\033\136\372\207\215\124\010\116\373\122\241}{subsection.6.5.2}% 133
\BOOKMARK [1][-]{section.6.6}{\376\377\215\357\137\204\211\304\122\022\143\245\123\343}{chapter.6}% 134
\BOOKMARK [2][-]{subsection.6.6.1}{\376\377\143\245\123\343\122\027\210\150}{section.6.6}% 135
\BOOKMARK [1][-]{section.6.7}{\376\377\000A\000P\000I\162\266\140\001\170\001\133\232\116\111}{chapter.6}% 136
\BOOKMARK [0][-]{chapter.7}{\376\377\155\113\213\325\145\207\116\366\116\016\165\050\117\213}{}% 137
\BOOKMARK [1][-]{section.7.1}{\376\377\122\115\172\357\155\113\213\325\145\207\116\366\213\346\176\306\122\027\210\150}{chapter.7}% 138
\BOOKMARK [2][-]{subsection.7.1.1}{\376\377\000A\000P\000I\166\370\121\163\155\113\213\325\145\207\116\366}{section.7.1}% 139
\BOOKMARK [2][-]{subsection.7.1.2}{\376\377\122\237\200\375\152\041\127\127\155\113\213\325\145\207\116\366}{section.7.1}% 140
\BOOKMARK [2][-]{subsection.7.1.3}{\376\377\140\047\200\375\124\214\133\211\121\150\155\113\213\325\145\207\116\366}{section.7.1}% 141
\BOOKMARK [1][-]{section.7.2}{\376\377\124\016\172\357\155\113\213\325\145\207\116\366\213\346\176\306\122\027\210\150}{chapter.7}% 142
\BOOKMARK [2][-]{subsection.7.2.1}{\376\377\150\070\137\303\152\041\127\127\155\113\213\325\145\207\116\366}{section.7.2}% 143
\BOOKMARK [2][-]{subsection.7.2.2}{\376\377\133\236\145\366\143\322\120\074\174\373\176\337\155\113\213\325\145\207\116\366}{section.7.2}% 144
\BOOKMARK [2][-]{subsection.7.2.3}{\376\377\131\032\166\356\150\007\117\030\123\026\174\373\176\337\155\113\213\325\145\207\116\366}{section.7.2}% 145
\BOOKMARK [1][-]{section.7.3}{\376\377\155\113\213\325\165\050\117\213\176\337\213\241}{chapter.7}% 146
\BOOKMARK [0][-]{chapter.8}{\376\377\155\113\213\325\142\147\210\114\116\016\142\245\124\112}{}% 147
\BOOKMARK [1][-]{section.8.1}{\376\377\155\113\213\325\142\147\210\114\155\101\172\013}{chapter.8}% 148
\BOOKMARK [2][-]{subsection.8.1.1}{\376\377\155\113\213\325\121\306\131\007}{section.8.1}% 149
\BOOKMARK [2][-]{subsection.8.1.2}{\376\377\217\320\210\114\155\113\213\325}{section.8.1}% 150
\BOOKMARK [3][-]{subsubsection.8.1.2.1}{\376\377\122\115\172\357\155\113\213\325}{subsection.8.1.2}% 151
\BOOKMARK [3][-]{subsubsection.8.1.2.2}{\376\377\124\016\172\357\155\113\213\325}{subsection.8.1.2}% 152
\BOOKMARK [3][-]{subsubsection.8.1.2.3}{\376\377\000A\000P\000I\226\306\142\020\155\113\213\325}{subsection.8.1.2}% 153
\BOOKMARK [1][-]{section.8.2}{\376\377\155\113\213\325\142\245\124\112}{chapter.8}% 154
\BOOKMARK [2][-]{subsection.8.2.1}{\376\377\211\206\166\326\163\207\142\245\124\112}{section.8.2}% 155
\BOOKMARK [3][-]{subsubsection.8.2.1.1}{\376\377\122\115\172\357\211\206\166\326\163\207\142\245\124\112}{subsection.8.2.1}% 156
\BOOKMARK [3][-]{subsubsection.8.2.1.2}{\376\377\124\016\172\357\211\206\166\326\163\207\142\245\124\112}{subsection.8.2.1}% 157
\BOOKMARK [2][-]{subsection.8.2.2}{\376\377\140\047\200\375\142\245\124\112}{section.8.2}% 158
\BOOKMARK [3][-]{subsubsection.8.2.2.1}{\376\377\122\115\172\357\140\047\200\375\142\245\124\112}{subsection.8.2.2}% 159
\BOOKMARK [3][-]{subsubsection.8.2.2.2}{\376\377\124\016\172\357\140\047\200\375\142\245\124\112}{subsection.8.2.2}% 160
\BOOKMARK [2][-]{subsection.8.2.3}{\376\377\155\113\213\325\176\323\147\234\122\006\147\220}{section.8.2}% 161
\BOOKMARK [1][-]{section.8.3}{\376\377\143\001\176\355\226\306\142\020}{chapter.8}% 162
\BOOKMARK [2][-]{subsection.8.3.1}{\376\377\000C\000I\000/\000C\000D\221\115\177\156}{section.8.3}% 163
\BOOKMARK [2][-]{subsection.8.3.2}{\376\377\155\113\213\325\173\126\165\145}{section.8.3}% 164
\BOOKMARK [1][-]{section.8.4}{\376\377\155\113\213\325\147\000\117\163\133\236\215\365}{chapter.8}% 165
\BOOKMARK [2][-]{subsection.8.4.1}{\376\377\177\026\121\231\155\113\213\325\165\050\117\213}{section.8.4}% 166
\BOOKMARK [2][-]{subsection.8.4.2}{\376\377\000M\000o\000c\000k\124\214\000S\000t\000u\000b}{section.8.4}% 167
\BOOKMARK [2][-]{subsection.8.4.3}{\376\377\155\113\213\325\145\160\143\156\173\241\164\006}{section.8.4}% 168
\BOOKMARK [1][-]{section.8.5}{\376\377\155\113\213\325\176\364\142\244}{chapter.8}% 169
\BOOKMARK [2][-]{subsection.8.5.1}{\376\377\133\232\147\037\133\241\147\345}{section.8.5}% 170
\BOOKMARK [2][-]{subsection.8.5.2}{\376\377\225\356\230\230\217\375\216\052}{section.8.5}% 171
\BOOKMARK [0][-]{appendix.A}{\376\377\145\160\143\156\150\074\137\017\123\302\200\003}{}% 172
\BOOKMARK [1][-]{section.A.1}{\376\377\133\236\145\366\143\322\120\074\145\160\143\156\150\074\137\017}{appendix.A}% 173
\BOOKMARK [2][-]{subsection.A.1.1}{\376\377\000D\000a\000t\000a\000P\000o\000i\000n\000t\145\160\143\156\176\323\147\204}{section.A.1}% 174
\BOOKMARK [2][-]{subsection.A.1.2}{\376\377\000S\000u\000b\000s\000c\000r\000i\000p\000t\000i\000o\000n\145\160\143\156\176\323\147\204}{section.A.1}% 175
\BOOKMARK [1][-]{section.A.2}{\376\377\131\032\166\356\150\007\117\030\123\026\145\160\143\156\150\074\137\017}{appendix.A}% 176
\BOOKMARK [2][-]{subsection.A.2.1}{\376\377\000O\000p\000t\000i\000m\000i\000z\000a\000t\000i\000o\000n\000R\000e\000q\000u\000e\000s\000t\145\160\143\156\176\323\147\204}{section.A.2}% 177
\BOOKMARK [2][-]{subsection.A.2.2}{\376\377\000P\000a\000r\000e\000t\000o\000S\000o\000l\000u\000t\000i\000o\000n\145\160\143\156\176\323\147\204}{section.A.2}% 178
\BOOKMARK [1][-]{section.A.3}{\376\377\152\041\127\213\207\215\124\010\145\160\143\156\150\074\137\017}{appendix.A}% 179
\BOOKMARK [2][-]{subsection.A.3.1}{\376\377\000M\000o\000d\000e\000l\000I\000n\000p\000u\000t\145\160\143\156\176\323\147\204}{section.A.3}% 180
\BOOKMARK [2][-]{subsection.A.3.2}{\376\377\000F\000u\000s\000i\000o\000n\000R\000e\000s\000u\000l\000t\145\160\143\156\176\323\147\204}{section.A.3}% 181
\BOOKMARK [0][-]{appendix.B}{\376\377\123\302\200\003\145\207\150\143}{}% 182
\BOOKMARK [1][-]{section.B.1}{\376\377\230\171\166\356\145\207\150\143}{appendix.B}% 183
\BOOKMARK [1][-]{section.B.2}{\376\377\000A\000P\000I\145\207\150\143}{appendix.B}% 184
\BOOKMARK [1][-]{section.B.3}{\376\377\173\227\154\325\145\207\150\143}{appendix.B}% 185
\BOOKMARK [1][-]{section.B.4}{\376\377\131\026\220\350\215\104\156\220}{appendix.B}% 186
\BOOKMARK [0][-]{appendix.C}{\376\377\147\057\213\355\210\150}{}% 187
